<?xml version="1.0" encoding="UTF-8" ?>
<testsuites>
 <testsuite name="Preserver tests" timestamp="2016-12-05T16:14:37" hostname="localhost" time="24.832" errors="0" tests="4" skipped="0" failures="0">
  <testcase classname="Preserver tests" name="should be created when title and body provided" time="6.357">
  </testcase>
  <testcase classname="Preserver tests" name="should be created when only title provided" time="6.306">
  </testcase>
  <testcase classname="Preserver tests" name="should be created when only body provided" time="6.1">
  </testcase>
  <testcase classname="Preserver tests" name="should NOT be created when nothing provided" time="6.069">
  </testcase>
 </testsuite>
</testsuites>